GROUP,PACKAGE,CLASS,INSTRUCTION_MISSED,INSTRUCTION_COVERED,BRANCH_MISSED,BRANCH_COVERED,LINE_MISSED,LINE_COVERED,COMPLEXITY_MISSED,COMPLEXITY_COVERED,METHOD_MISSED,METHOD_COVERED
Metaschema Core API,gov.nist.secauto.metaschema.core.metapath.function,FunctionUtils,173,34,20,4,37,10,22,6,11,5
Metaschema Core API,gov.nist.secauto.metaschema.core.metapath.function,DocumentFunctionException,18,0,0,0,7,0,4,0,4,0
Metaschema Core API,gov.nist.secauto.metaschema.core.metapath.function,IArgument,0,4,0,0,0,1,0,1,0,1
Metaschema Core API,gov.nist.secauto.metaschema.core.metapath.function,Occurrence,6,79,0,0,2,11,2,2,2,2
Metaschema Core API,gov.nist.secauto.metaschema.core.metapath.function,ArgumentImpl,75,9,10,0,17,4,11,1,6,1
Metaschema Core API,gov.nist.secauto.metaschema.core.metapath.function,OperationFunctions,705,235,84,44,167,52,97,17,40,10
Metaschema Core API,gov.nist.secauto.metaschema.core.metapath.function,FunctionService,25,80,1,1,3,23,2,9,1,9
Metaschema Core API,gov.nist.secauto.metaschema.core.metapath.function,ArgumentType,54,0,0,0,6,0,1,0,1,0
Metaschema Core API,gov.nist.secauto.metaschema.core.metapath.function,IFunction.FunctionProperty,0,44,0,0,0,5,0,1,0,1
Metaschema Core API,gov.nist.secauto.metaschema.core.metapath.function,IArgument.Builder,21,68,1,1,5,19,3,8,2,8
Metaschema Core API,gov.nist.secauto.metaschema.core.metapath.function,ISequenceType,5,0,0,0,1,0,1,0,1,0
Metaschema Core API,gov.nist.secauto.metaschema.core.metapath.function,SequenceTypeImpl,62,31,10,0,16,7,11,2,6,2
Metaschema Core API,gov.nist.secauto.metaschema.core.metapath.function,InvalidArgumentFunctionException,12,6,0,0,5,2,3,1,3,1
Metaschema Core API,gov.nist.secauto.metaschema.core.metapath.function,InvalidTypeFunctionException,53,0,2,0,13,0,5,0,4,0
Metaschema Core API,gov.nist.secauto.metaschema.core.metapath.function,UriFunctionException,18,0,0,0,7,0,4,0,4,0
Metaschema Core API,gov.nist.secauto.metaschema.core.metapath.function,AbstractFunction,0,25,0,0,0,9,0,5,0,5
Metaschema Core API,gov.nist.secauto.metaschema.core.metapath.function,IFunction.Builder,53,182,8,4,12,48,10,17,4,17
Metaschema Core API,gov.nist.secauto.metaschema.core.metapath.function,InvalidValueForCastFunctionException,10,6,0,0,4,2,2,1,2,1
Metaschema Core API,gov.nist.secauto.metaschema.core.metapath.function,DefaultFunction.CallingContext,15,81,6,6,6,16,8,4,2,4
Metaschema Core API,gov.nist.secauto.metaschema.core.metapath.function,ISequenceType.new ISequenceType() {...},11,0,0,0,5,0,5,0,5,0
Metaschema Core API,gov.nist.secauto.metaschema.core.metapath.function,FunctionLibrary.NamedFunctionSet,0,29,0,0,0,6,0,4,0,4
Metaschema Core API,gov.nist.secauto.metaschema.core.metapath.function,ArithmeticFunctionException,18,0,0,0,7,0,4,0,4,0
Metaschema Core API,gov.nist.secauto.metaschema.core.metapath.function,DefaultFunction,419,124,66,7,88,28,42,8,5,7
Metaschema Core API,gov.nist.secauto.metaschema.core.metapath.function,FunctionLibrary,44,128,4,6,7,34,4,9,1,7
Metaschema Core API,gov.nist.secauto.metaschema.core.metapath.function,DateTimeFunctionException,18,0,0,0,7,0,4,0,4,0
Metaschema Core API,gov.nist.secauto.metaschema.core.metapath.function,IFunction,10,22,0,0,2,4,2,4,2,4
Metaschema Core API,gov.nist.secauto.metaschema.core.metapath.function,IFunctionLibrary,18,0,4,0,2,0,4,0,2,0
Metaschema Core API,gov.nist.secauto.metaschema.core.metapath.function.library,FnTrue,0,19,0,0,0,11,0,2,0,2
Metaschema Core API,gov.nist.secauto.metaschema.core.metapath.function.library,FnNot,17,32,0,2,4,16,2,3,2,2
Metaschema Core API,gov.nist.secauto.metaschema.core.metapath.function.library,FnBaseUri,41,39,4,0,10,25,5,1,3,1
Metaschema Core API,gov.nist.secauto.metaschema.core.metapath.function.library,FnResolveUri,126,55,18,0,29,35,13,1,4,1
Metaschema Core API,gov.nist.secauto.metaschema.core.metapath.function.library,FnDocumentUri,63,39,8,0,19,25,7,1,3,1
Metaschema Core API,gov.nist.secauto.metaschema.core.metapath.function.library,FnBoolean,95,61,20,4,22,26,14,3,2,3
Metaschema Core API,gov.nist.secauto.metaschema.core.metapath.function.library,FnFalse,0,19,0,0,0,11,0,2,0,2
Metaschema Core API,gov.nist.secauto.metaschema.core.metapath.function.library,NumericFunction,43,40,4,0,12,17,4,4,2,4
Metaschema Core API,gov.nist.secauto.metaschema.core.metapath.function.library,FnRound,40,34,4,0,12,18,3,1,1,1
Metaschema Core API,gov.nist.secauto.metaschema.core.metapath.function.library,FnDoc,97,24,8,0,18,15,6,1,2,1
Metaschema Core API,gov.nist.secauto.metaschema.core.metapath.function.library,DefaultFunctionLibrary,0,230,0,0,0,49,0,1,0,1
Metaschema Core API,gov.nist.secauto.metaschema.core.metapath.function.library,FnStartsWith,54,29,6,0,11,16,5,1,2,1
Metaschema Core API,gov.nist.secauto.metaschema.core.metapath.function.library,FnData,47,59,4,4,12,32,7,3,4,2
Metaschema Core API,gov.nist.secauto.metaschema.core.metapath.function.library,FnPath,74,39,6,0,18,25,7,1,4,1
Metaschema Core API,gov.nist.secauto.metaschema.core.metapath.function.library,FnCompare,41,32,4,0,10,20,4,1,2,1
Metaschema Core API,gov.nist.secauto.metaschema.core.metapath.function.library,MpRecurseDepth,97,55,0,0,19,35,5,1,5,1
Metaschema Core API,gov.nist.secauto.metaschema.core.metapath.function.library,CastFunction,25,41,2,0,7,18,2,4,1,4
Metaschema Core API,gov.nist.secauto.metaschema.core.metapath.function.library,FnStaticBaseUri,17,21,2,0,4,12,3,1,2,1
Metaschema Core API,gov.nist.secauto.metaschema.core.metapath.function.library,FnExists,20,24,2,0,3,15,3,1,2,1
Metaschema Core API,gov.nist.secauto.metaschema.core.metapath.item.node,AbstractFlagInstanceNodeItem,15,12,0,0,4,5,4,2,4,2
Metaschema Core API,gov.nist.secauto.metaschema.core.metapath.item.node,IFeatureFlagContainerItem,9,4,0,0,3,1,3,1,3,1
Metaschema Core API,gov.nist.secauto.metaschema.core.metapath.item.node,IFeatureOrhpanedDefinitionModelNodeItem,4,0,0,0,2,0,2,0,2,0
Metaschema Core API,gov.nist.secauto.metaschema.core.metapath.item.node,DefaultNodeItemFactory,147,245,18,10,25,52,19,18,7,16
Metaschema Core API,gov.nist.secauto.metaschema.core.metapath.item.node,FlagDefinitionNodeItemImpl,2,5,0,0,1,2,1,1,1,1
Metaschema Core API,gov.nist.secauto.metaschema.core.metapath.item.node,AssemblyInstanceNodeItemImpl,30,0,0,0,8,0,4,0,4,0
Metaschema Core API,gov.nist.secauto.metaschema.core.metapath.item.node,IAssemblyNodeItem,18,5,2,0,5,1,5,1,4,1
Metaschema Core API,gov.nist.secauto.metaschema.core.metapath.item.node,AbstractNodeItemFactory,160,86,22,4,31,16,20,10,7,10
Metaschema Core API,gov.nist.secauto.metaschema.core.metapath.item.node,IFeatureRequiredDataItem,2,0,0,0,1,0,1,0,1,0
Metaschema Core API,gov.nist.secauto.metaschema.core.metapath.item.node,IFeatureNullableAtomicValuedItem,17,0,2,0,6,0,2,0,1,0
Metaschema Core API,gov.nist.secauto.metaschema.core.metapath.item.node,AssemblyOrphanedDefinitionDataNodeItemImpl,0,24,0,0,0,6,0,3,0,3
Metaschema Core API,gov.nist.secauto.metaschema.core.metapath.item.node,CycledAssemblyInstanceNodeItemImpl,31,0,0,0,9,0,7,0,7,0
Metaschema Core API,gov.nist.secauto.metaschema.core.metapath.item.node,IDefinitionNodeItem,0,12,0,2,0,2,0,2,0,1
Metaschema Core API,gov.nist.secauto.metaschema.core.metapath.item.node,IModuleNodeItem,17,0,0,0,5,0,5,0,5,0
Metaschema Core API,gov.nist.secauto.metaschema.core.metapath.item.node,DocumentNodeItemImpl,35,0,0,0,8,0,4,0,4,0
Metaschema Core API,gov.nist.secauto.metaschema.core.metapath.item.node,AbstractGlobalDefinitionNodeItem,10,7,0,0,3,3,3,1,3,1
Metaschema Core API,gov.nist.secauto.metaschema.core.metapath.item.node,AssemblyOrphanedDefinitionNodeItemImpl,5,13,0,0,1,3,1,1,1,1
Metaschema Core API,gov.nist.secauto.metaschema.core.metapath.item.node,RootAssemblyValuedNodeItemImpl,36,0,0,0,11,0,6,0,6,0
Metaschema Core API,gov.nist.secauto.metaschema.core.metapath.item.node,INodeItemFactory,6,21,0,0,1,4,1,4,1,4
Metaschema Core API,gov.nist.secauto.metaschema.core.metapath.item.node,FlagInstanceNoValueNodeItemImpl,5,0,0,0,2,0,1,0,1,0
Metaschema Core API,gov.nist.secauto.metaschema.core.metapath.item.node,IFlagNodeItem,35,0,2,0,12,0,12,0,11,0
Metaschema Core API,gov.nist.secauto.metaschema.core.metapath.item.node,FieldInstanceNoValueNodeItemImpl,20,0,0,0,5,0,3,0,3,0
Metaschema Core API,gov.nist.secauto.metaschema.core.metapath.item.node,AbstractInstanceNodeItem,6,16,0,0,2,6,2,3,2,3
Metaschema Core API,gov.nist.secauto.metaschema.core.metapath.item.node,IRootAssemblyNodeItem,22,0,0,0,7,0,7,0,7,0
Metaschema Core API,gov.nist.secauto.metaschema.core.metapath.item.node,AbstractDefinitionNodeItem,0,9,0,0,0,4,0,2,0,2
Metaschema Core API,gov.nist.secauto.metaschema.core.metapath.item.node,FieldGlobalDefinitionNodeItemImpl,5,11,0,0,1,3,1,1,1,1
Metaschema Core API,gov.nist.secauto.metaschema.core.metapath.item.node,IFeatureFlagContainerItem.FlagContainer,6,10,0,0,1,4,1,2,1,2
Metaschema Core API,gov.nist.secauto.metaschema.core.metapath.item.node,FlagInstanceNodeItemImpl,11,18,0,0,2,5,3,2,3,2
Metaschema Core API,gov.nist.secauto.metaschema.core.metapath.item.node,FieldInstanceNodeItemImpl,17,34,0,0,4,8,3,3,3,3
Metaschema Core API,gov.nist.secauto.metaschema.core.metapath.item.node,IFeatureNoDataAtomicValuedItem,2,0,0,0,1,0,1,0,1,0
Metaschema Core API,gov.nist.secauto.metaschema.core.metapath.item.node,AbstractNodeItemVisitor,142,7,14,0,28,2,17,3,10,3
Metaschema Core API,gov.nist.secauto.metaschema.core.metapath.item.node,IFeatureModelContainerItem.ModelContainer,2,21,1,1,0,6,1,3,0,3
Metaschema Core API,gov.nist.secauto.metaschema.core.metapath.item.node,AssemblyGlobalDefinitionNodeItemImpl,5,13,0,0,1,3,1,1,1,1
Metaschema Core API,gov.nist.secauto.metaschema.core.metapath.item.node,IFeatureModelContainerItem,0,9,0,0,0,2,0,2,0,2
Metaschema Core API,gov.nist.secauto.metaschema.core.metapath.item.node,AbstractModelInstanceNodeItem,0,5,0,0,0,2,0,1,0,1
Metaschema Core API,gov.nist.secauto.metaschema.core.metapath.item.node,IFeatureOrhpanedDefinitionNodeItem,2,2,0,0,1,1,1,1,1,1
Metaschema Core API,gov.nist.secauto.metaschema.core.metapath.item.node,IDocumentNodeItem,47,0,4,0,14,0,11,0,9,0
Metaschema Core API,gov.nist.secauto.metaschema.core.metapath.item.node,AssemblyInstanceNoValueNodeItemImpl,20,0,0,0,5,0,3,0,3,0
Metaschema Core API,gov.nist.secauto.metaschema.core.metapath.item.node,IFeatureNoDataItem,4,0,0,0,2,0,2,0,2,0
Metaschema Core API,gov.nist.secauto.metaschema.core.metapath.item.node,FieldOrphanedDefinitionNodeItemImpl,16,0,0,0,4,0,2,0,2,0
Metaschema Core API,gov.nist.secauto.metaschema.core.metapath.item.node,ModuleNodeItemImpl,0,22,0,0,0,6,0,3,0,3
Metaschema Core API,gov.nist.secauto.metaschema.core.metapath.item.node,AbstractOrphanedDefinitionNodeItem,5,7,0,0,2,3,2,1,2,1
Metaschema Core API,gov.nist.secauto.metaschema.core.metapath.item.node,IFieldNodeItem,23,0,2,0,6,0,6,0,5,0
Metaschema Core API,gov.nist.secauto.metaschema.core.metapath.item.node,INodeItem,101,12,11,1,19,2,17,3,11,3
Metaschema Core API,gov.nist.secauto.metaschema.core.metapath.item.node,NodeItemType,0,54,0,0,0,6,0,1,0,1
Metaschema Core API,gov.nist.secauto.metaschema.core.model.validation,IValidationResult.new IValidationResult() {...},6,3,0,0,3,1,3,1,3,1
Metaschema Core API,gov.nist.secauto.metaschema.core.model.validation,JsonSchemaContentValidator.JsonValidationResult,21,0,2,0,5,0,4,0,3,0
Metaschema Core API,gov.nist.secauto.metaschema.core.model.validation,JsonSchemaContentValidator.JsonValidationFinding,27,0,0,0,8,0,5,0,5,0
Metaschema Core API,gov.nist.secauto.metaschema.core.model.validation,IValidationResult,0,15,0,2,0,2,0,3,0,2
Metaschema Core API,gov.nist.secauto.metaschema.core.model.validation,JsonSchemaContentValidator,110,0,0,0,29,0,9,0,9,0
Metaschema Core API,gov.nist.secauto.metaschema.core.model.validation,XmlSchemaContentValidator.XmlValidationErrorHandler,82,0,2,0,20,0,9,0,8,0
Metaschema Core API,gov.nist.secauto.metaschema.core.model.validation,AggregateValidationResult,97,0,6,0,22,0,11,0,8,0
Metaschema Core API,gov.nist.secauto.metaschema.core.model.validation,XmlSchemaContentValidator,79,0,2,0,20,0,6,0,5,0
Metaschema Core API,gov.nist.secauto.metaschema.core.model.validation,IContentValidator,38,0,0,0,5,0,4,0,4,0
Metaschema Core API,gov.nist.secauto.metaschema.core.model.validation,XmlSchemaContentValidator.XmlValidationFinding,43,0,2,0,10,0,6,0,5,0
Metaschema Core API,gov.nist.secauto.metaschema.core.model.validation,AbstractContentValidator,22,0,0,0,5,0,2,0,2,0
Metaschema Core API,gov.nist.secauto.metaschema.core.model.validation,ValidatingNodeItemVisitor,37,0,0,0,9,0,6,0,6,0
Metaschema Core API,gov.nist.secauto.metaschema.core.datatype,AbstractCustomJavaDataType,16,8,0,0,4,3,4,1,4,1
Metaschema Core API,gov.nist.secauto.metaschema.core.datatype,AbstractDataTypeProvider,8,35,1,1,1,9,1,3,0,3
Metaschema Core API,gov.nist.secauto.metaschema.core.datatype,AbstractDataTypeAdapter,146,41,7,3,40,15,15,6,11,5
Metaschema Core API,gov.nist.secauto.metaschema.core.datatype,IDataTypeAdapter,46,0,0,0,8,0,8,0,8,0
Metaschema Core API,gov.nist.secauto.metaschema.core.datatype,DataTypeService,32,97,4,0,10,26,5,11,3,11
Metaschema Core API,gov.nist.secauto.metaschema.core.datatype,AbstractCustomJavaDataTypeAdapter,4,4,0,0,1,2,1,1,1,1
Metaschema Core API,gov.nist.secauto.metaschema.core.metapath.format,MetapathFormatter,33,3,0,0,11,1,7,1,7,1
Metaschema Core API,gov.nist.secauto.metaschema.core.metapath.format,IPathFormatter,14,5,0,0,3,1,2,1,2,1
Metaschema Core API,gov.nist.secauto.metaschema.core.metapath.format,IPathSegment,10,0,0,0,2,0,2,0,2,0
Metaschema Core API,gov.nist.secauto.metaschema.core.resource,AbstractResourceLoader,21,0,2,0,6,0,5,0,4,0
Metaschema Core API,gov.nist.secauto.metaschema.core.model.constraint,DefaultUniqueConstraint.Builder,26,0,0,0,11,0,2,0,2,0
Metaschema Core API,gov.nist.secauto.metaschema.core.model.constraint,IConstraint,6,15,1,1,1,3,2,2,1,2
Metaschema Core API,gov.nist.secauto.metaschema.core.model.constraint,DefaultConstraintValidator.Visitor,37,23,0,0,9,6,4,3,4,3
Metaschema Core API,gov.nist.secauto.metaschema.core.model.constraint,DefaultAllowedValuesConstraint.Builder,5,73,0,0,2,27,1,9,1,9
Metaschema Core API,gov.nist.secauto.metaschema.core.model.constraint,IAllowedValuesConstraint.Extensible,0,34,0,0,0,4,0,1,0,1
Metaschema Core API,gov.nist.secauto.metaschema.core.model.constraint,FindingCollectingConstraintValidationHandler,163,56,1,1,53,17,12,6,11,6
Metaschema Core API,gov.nist.secauto.metaschema.core.model.constraint,IConstraint.Level,0,44,0,0,0,5,0,1,0,1
Metaschema Core API,gov.nist.secauto.metaschema.core.model.constraint,DefaultConstraintValidator,711,173,69,11,180,48,61,17,23,15
Metaschema Core API,gov.nist.secauto.metaschema.core.model.constraint,DefaultKeyField,21,0,0,0,8,0,4,0,4,0
Metaschema Core API,gov.nist.secauto.metaschema.core.model.constraint,DefaultIndex,49,0,4,0,12,0,6,0,4,0
Metaschema Core API,gov.nist.secauto.metaschema.core.model.constraint,DefaultIndexConstraint,35,0,2,0,8,0,5,0,4,0
Metaschema Core API,gov.nist.secauto.metaschema.core.model.constraint,AbstractTargetedConstraints,96,40,0,0,15,11,6,5,6,5
Metaschema Core API,gov.nist.secauto.metaschema.core.model.constraint,DefaultAllowedValue,3,12,0,0,1,5,1,2,1,2
Metaschema Core API,gov.nist.secauto.metaschema.core.model.constraint,DefaultConstraintValidator.KeyRef,21,0,0,0,8,0,4,0,4,0
Metaschema Core API,gov.nist.secauto.metaschema.core.model.constraint,DefaultCardinalityConstraint.Builder,60,0,4,0,22,0,9,0,7,0
Metaschema Core API,gov.nist.secauto.metaschema.core.model.constraint,IIndex,170,0,18,0,38,0,18,0,9,0
Metaschema Core API,gov.nist.secauto.metaschema.core.model.constraint,IConstraint.InternalModelSource,4,7,0,0,2,2,2,2,2,2
Metaschema Core API,gov.nist.secauto.metaschema.core.model.constraint,ConstraintComposingVisitor,23,10,0,0,6,3,4,2,4,2
Metaschema Core API,gov.nist.secauto.metaschema.core.model.constraint,ConstraintVisitingModelWalker,303,0,30,0,72,0,37,0,22,0
Metaschema Core API,gov.nist.secauto.metaschema.core.model.constraint,DefaultConstraintValidator.ValueStatus,57,116,6,16,10,29,5,9,0,3
Metaschema Core API,gov.nist.secauto.metaschema.core.model.constraint,DefaultMatchesConstraint,41,0,4,0,10,0,7,0,5,0
Metaschema Core API,gov.nist.secauto.metaschema.core.model.constraint,DefaultExpectConstraint,39,27,2,0,9,7,6,3,5,3
Metaschema Core API,gov.nist.secauto.metaschema.core.model.constraint,DefaultMatchesConstraint.Builder,65,0,4,0,23,0,10,0,8,0
Metaschema Core API,gov.nist.secauto.metaschema.core.model.constraint,DefaultExpectConstraint.Builder,5,48,0,0,2,19,1,6,1,6
Metaschema Core API,gov.nist.secauto.metaschema.core.model.constraint,DefaultIndexHasKeyConstraint.Builder,45,0,0,0,18,0,5,0,5,0
Metaschema Core API,gov.nist.secauto.metaschema.core.model.constraint,AbstractKeyConstraint,25,0,2,0,6,0,3,0,2,0
Metaschema Core API,gov.nist.secauto.metaschema.core.model.constraint,DefaultUniqueConstraint,21,0,0,0,4,0,3,0,3,0
Metaschema Core API,gov.nist.secauto.metaschema.core.model.constraint,DefaultIndexConstraint.Builder,45,0,0,0,18,0,5,0,5,0
Metaschema Core API,gov.nist.secauto.metaschema.core.model.constraint,AbstractConstraintValidationHandler,196,50,2,0,28,11,10,5,9,5
Metaschema Core API,gov.nist.secauto.metaschema.core.model.constraint,DefaultCardinalityConstraint,41,0,4,0,10,0,7,0,5,0
Metaschema Core API,gov.nist.secauto.metaschema.core.model.constraint,IConstraint.ExternalModelSource,5,32,1,1,2,10,3,3,2,3
Metaschema Core API,gov.nist.secauto.metaschema.core.model.constraint,DefaultAllowedValuesConstraint,5,33,0,0,1,9,1,5,1,5
Metaschema Core API,gov.nist.secauto.metaschema.core.model.constraint,ConstraintValidationFinding.Builder,37,69,6,6,7,19,9,5,3,5
Metaschema Core API,gov.nist.secauto.metaschema.core.model.constraint,IConstraint.ExternalSource,11,26,1,1,5,7,4,2,3,2
Metaschema Core API,gov.nist.secauto.metaschema.core.model.constraint,IConstraint.ISource.SourceType,24,0,0,0,3,0,1,0,1,0
Metaschema Core API,gov.nist.secauto.metaschema.core.model.constraint,DefaultScopedContraints,0,21,0,0,0,8,0,4,0,4
Metaschema Core API,gov.nist.secauto.metaschema.core.model.constraint,AbstractKeyConstraint.AbstractKeyConstraintBuilder,27,0,0,0,8,0,4,0,4,0
Metaschema Core API,gov.nist.secauto.metaschema.core.model.constraint,DefaultConstraintSet,3,59,0,0,1,17,1,6,1,6
Metaschema Core API,gov.nist.secauto.metaschema.core.model.constraint,ConstraintValidationFinding,23,33,0,0,6,11,6,4,6,4
Metaschema Core API,gov.nist.secauto.metaschema.core.model.constraint,AbstractConstraint.AbstractConstraintBuilder,61,66,2,0,17,22,8,14,7,14
Metaschema Core API,gov.nist.secauto.metaschema.core.model.constraint,AbstractConstraint,19,42,0,0,6,13,6,3,6,3
Metaschema Core API,gov.nist.secauto.metaschema.core.model.constraint,IConstraintSet,41,96,3,5,8,24,3,7,0,6
Metaschema Core API,gov.nist.secauto.metaschema.core.model.constraint,IAllowedValuesConstraint,0,9,0,0,0,2,0,2,0,2
Metaschema Core API,gov.nist.secauto.metaschema.core.model.constraint,LoggingConstraintValidationHandler,322,0,34,0,81,0,39,0,19,0
Metaschema Core API,gov.nist.secauto.metaschema.core.model.constraint,DefaultIndexHasKeyConstraint,35,0,2,0,8,0,5,0,4,0
Metaschema Core API,gov.nist.secauto.metaschema.core.model.util,JsonUtil,327,0,27,0,78,0,34,0,19,0
Metaschema Core API,gov.nist.secauto.metaschema.core.model.util,XmlUtil,8,0,0,0,1,0,1,0,1,0
Metaschema Core API,gov.nist.secauto.metaschema.core.model.util,XmlEventUtil,317,265,60,25,78,68,53,16,16,10
Metaschema Core API,gov.nist.secauto.metaschema.core.metapath.item.atomic,MarkupMultiLineItemImpl,6,0,0,0,3,0,2,0,2,0
Metaschema Core API,gov.nist.secauto.metaschema.core.metapath.item.atomic,IBase64BinaryItem,4,10,0,0,1,2,1,2,1,2
Metaschema Core API,gov.nist.secauto.metaschema.core.metapath.item.atomic,UuidItemImpl,2,4,0,0,1,2,1,1,1,1
Metaschema Core API,gov.nist.secauto.metaschema.core.metapath.item.atomic,UriReferenceItemImpl,47,0,6,0,15,0,7,0,4,0
Metaschema Core API,gov.nist.secauto.metaschema.core.metapath.item.atomic,IBooleanItem,21,46,2,6,3,11,2,8,1,5
Metaschema Core API,gov.nist.secauto.metaschema.core.metapath.item.atomic,YearMonthDurationItemImpl,6,0,0,0,3,0,2,0,2,0
Metaschema Core API,gov.nist.secauto.metaschema.core.metapath.item.atomic,IIPv6AddressItem,10,0,0,0,2,0,2,0,2,0
Metaschema Core API,gov.nist.secauto.metaschema.core.metapath.item.atomic,DateWithoutTimeZoneItemImpl,12,0,0,0,4,0,3,0,3,0
Metaschema Core API,gov.nist.secauto.metaschema.core.metapath.item.atomic,AbstractNumericItem,0,4,0,0,0,2,0,1,0,1
Metaschema Core API,gov.nist.secauto.metaschema.core.metapath.item.atomic,NonNegativeIntegerItemImpl,21,26,3,3,7,8,4,3,1,3
Metaschema Core API,gov.nist.secauto.metaschema.core.metapath.item.atomic,IIPv4AddressItem,10,0,0,0,2,0,2,0,2,0
Metaschema Core API,gov.nist.secauto.metaschema.core.metapath.item.atomic,BooleanItemImpl,20,16,4,0,4,6,6,3,4,3
Metaschema Core API,gov.nist.secauto.metaschema.core.metapath.item.atomic,IAnyAtomicItem,12,0,0,0,3,0,3,0,3,0
Metaschema Core API,gov.nist.secauto.metaschema.core.metapath.item.atomic,DateTimeWithTimeZoneItemImpl,10,0,0,0,4,0,3,0,3,0
Metaschema Core API,gov.nist.secauto.metaschema.core.metapath.item.atomic,TokenItemImpl,47,0,6,0,15,0,7,0,4,0
Metaschema Core API,gov.nist.secauto.metaschema.core.metapath.item.atomic,INonNegativeIntegerItem,32,12,0,0,6,3,4,2,4,2
Metaschema Core API,gov.nist.secauto.metaschema.core.metapath.item.atomic,IPositiveIntegerItem,32,9,0,0,6,2,4,2,4,2
Metaschema Core API,gov.nist.secauto.metaschema.core.metapath.item.atomic,AbstractStringItem,0,8,0,0,0,3,0,2,0,2
Metaschema Core API,gov.nist.secauto.metaschema.core.metapath.item.atomic,AbstractAnyAtomicItem,0,22,0,0,0,7,0,4,0,4
Metaschema Core API,gov.nist.secauto.metaschema.core.metapath.item.atomic,IEmailAddressItem,28,0,0,0,5,0,3,0,3,0
Metaschema Core API,gov.nist.secauto.metaschema.core.metapath.item.atomic,DateWithTimeZoneItemImpl,10,0,0,0,4,0,3,0,3,0
Metaschema Core API,gov.nist.secauto.metaschema.core.metapath.item.atomic,INumericItem,18,117,0,12,5,30,1,8,1,2
Metaschema Core API,gov.nist.secauto.metaschema.core.metapath.item.atomic,AnyUriItemImpl,6,0,0,0,3,0,2,0,2,0
Metaschema Core API,gov.nist.secauto.metaschema.core.metapath.item.atomic,NcNameItemImpl,47,0,6,0,15,0,7,0,4,0
Metaschema Core API,gov.nist.secauto.metaschema.core.metapath.item.atomic,EmailAddressItemImpl,47,0,6,0,15,0,7,0,4,0
Metaschema Core API,gov.nist.secauto.metaschema.core.metapath.item.atomic,INcNameItem,28,0,0,0,5,0,3,0,3,0
Metaschema Core API,gov.nist.secauto.metaschema.core.metapath.item.atomic,IDurationItem,31,0,2,0,12,0,2,0,1,0
Metaschema Core API,gov.nist.secauto.metaschema.core.metapath.item.atomic,IPv6AddressItemImpl,6,0,0,0,3,0,2,0,2,0
Metaschema Core API,gov.nist.secauto.metaschema.core.metapath.item.atomic,DecimalItemImpl,28,77,3,7,9,14,6,10,3,8
Metaschema Core API,gov.nist.secauto.metaschema.core.metapath.item.atomic,IDecimalItem,10,33,0,0,2,6,2,4,2,4
Metaschema Core API,gov.nist.secauto.metaschema.core.metapath.item.atomic,IHostnameItem,28,0,0,0,5,0,3,0,3,0
Metaschema Core API,gov.nist.secauto.metaschema.core.metapath.item.atomic,IStringItem,16,24,0,0,3,5,1,3,1,3
Metaschema Core API,gov.nist.secauto.metaschema.core.metapath.item.atomic,HostnameItemImpl,47,0,6,0,15,0,7,0,4,0
Metaschema Core API,gov.nist.secauto.metaschema.core.metapath.item.atomic,AbstractIntegerItem,0,46,0,4,0,14,0,7,0,5
Metaschema Core API,gov.nist.secauto.metaschema.core.metapath.item.atomic,IntegerItemImpl,21,26,3,3,7,8,4,3,1,3
Metaschema Core API,gov.nist.secauto.metaschema.core.metapath.item.atomic,IUriReferenceItem,10,0,0,0,2,0,2,0,2,0
Metaschema Core API,gov.nist.secauto.metaschema.core.metapath.item.atomic,IUuidItem,5,8,0,0,1,2,1,2,1,2
Metaschema Core API,gov.nist.secauto.metaschema.core.metapath.item.atomic,IPv4AddressItemImpl,6,0,0,0,3,0,2,0,2,0
Metaschema Core API,gov.nist.secauto.metaschema.core.metapath.item.atomic,MarkupLineItemImpl,6,0,0,0,3,0,2,0,2,0
Metaschema Core API,gov.nist.secauto.metaschema.core.metapath.item.atomic,IDayTimeDurationItem,29,0,0,0,5,0,3,0,3,0
Metaschema Core API,gov.nist.secauto.metaschema.core.metapath.item.atomic,IMarkupItem,15,0,0,0,3,0,3,0,3,0
Metaschema Core API,gov.nist.secauto.metaschema.core.metapath.item.atomic,PositiveIntegerItemImpl,21,26,3,3,7,8,4,3,1,3
Metaschema Core API,gov.nist.secauto.metaschema.core.metapath.item.atomic,IDateTimeItem,34,0,0,0,6,0,4,0,4,0
Metaschema Core API,gov.nist.secauto.metaschema.core.metapath.item.atomic,IIntegerItem,11,44,0,4,2,14,2,7,2,5
Metaschema Core API,gov.nist.secauto.metaschema.core.metapath.item.atomic,StringItemImpl,43,4,6,0,13,2,6,1,3,1
Metaschema Core API,gov.nist.secauto.metaschema.core.metapath.item.atomic,ITokenItem,28,0,0,0,5,0,3,0,3,0
Metaschema Core API,gov.nist.secauto.metaschema.core.metapath.item.atomic,IYearMonthDurationItem,37,0,0,0,7,0,4,0,4,0
Metaschema Core API,gov.nist.secauto.metaschema.core.metapath.item.atomic,IAnyUriItem,28,0,4,0,6,0,5,0,3,0
Metaschema Core API,gov.nist.secauto.metaschema.core.metapath.item.atomic,IDateItem,34,0,0,0,6,0,4,0,4,0
Metaschema Core API,gov.nist.secauto.metaschema.core.metapath.item.atomic,DateTimeWithoutTimeZoneItemImpl,12,0,0,0,4,0,3,0,3,0
Metaschema Core API,gov.nist.secauto.metaschema.core.metapath.item.atomic,DayTimeDurationItemImpl,6,0,0,0,3,0,2,0,2,0
Metaschema Core API,gov.nist.secauto.metaschema.core.metapath.item.atomic,Base64BinaryItemImpl,0,6,0,0,0,3,0,2,0,2
Metaschema Core API,gov.nist.secauto.metaschema.core.datatype.object,DateTime,9,5,0,0,1,2,1,1,1,1
Metaschema Core API,gov.nist.secauto.metaschema.core.datatype.object,AbstractAmbiguousTemporal,3,7,0,0,1,3,1,1,1,1
Metaschema Core API,gov.nist.secauto.metaschema.core.datatype.object,Date,9,5,0,0,1,2,1,1,1,1
Metaschema Core API,gov.nist.secauto.metaschema.core.metapath.antlr,metapath10Parser.PathexprContext,22,13,1,1,5,3,5,2,4,2
Metaschema Core API,gov.nist.secauto.metaschema.core.metapath.antlr,metapath10Parser.ValuecompContext,44,5,2,0,9,2,9,1,8,1
Metaschema Core API,gov.nist.secauto.metaschema.core.metapath.antlr,metapath10Parser.NumericliteralContext,21,13,1,1,5,3,5,2,4,2
Metaschema Core API,gov.nist.secauto.metaschema.core.metapath.antlr,metapath10Parser.ArgumentlistContext,43,5,2,0,9,2,9,1,8,1
Metaschema Core API,gov.nist.secauto.metaschema.core.metapath.antlr,metapath10Parser.MetapathContext,30,0,2,0,7,0,6,0,5,0
Metaschema Core API,gov.nist.secauto.metaschema.core.metapath.antlr,metapath10Parser.SimpleletbindingContext,41,0,2,0,9,0,8,0,7,0
Metaschema Core API,gov.nist.secauto.metaschema.core.metapath.antlr,metapath10Parser.ArgumentContext,25,0,2,0,6,0,5,0,4,0
Metaschema Core API,gov.nist.secauto.metaschema.core.metapath.antlr,metapath10Parser.GeneralcompContext,44,5,2,0,9,2,9,1,8,1
Metaschema Core API,gov.nist.secauto.metaschema.core.metapath.antlr,metapath10Parser,1717,2772,94,85,460,510,92,67,14,45
Metaschema Core API,gov.nist.secauto.metaschema.core.metapath.antlr,metapath10BaseVisitor,184,3,0,0,46,1,46,1,46,1
Metaschema Core API,gov.nist.secauto.metaschema.core.metapath.antlr,metapath10Parser.AdditiveexprContext,34,13,1,1,8,3,8,2,7,2
Metaschema Core API,gov.nist.secauto.metaschema.core.metapath.antlr,metapath10Parser.ComparisonexprContext,28,13,1,1,6,3,6,2,5,2
Metaschema Core API,gov.nist.secauto.metaschema.core.metapath.antlr,metapath10Parser.SimpleletclauseContext,43,0,2,0,10,0,9,0,8,0
Metaschema Core API,gov.nist.secauto.metaschema.core.metapath.antlr,metapath10Lexer,16,993,0,8,8,27,8,9,8,5
Metaschema Core API,gov.nist.secauto.metaschema.core.metapath.antlr,metapath10Parser.EqnameContext,141,13,1,1,29,3,29,2,28,2
Metaschema Core API,gov.nist.secauto.metaschema.core.metapath.antlr,metapath10Parser.AbbrevreversestepContext,11,13,1,1,3,3,3,2,2,2
Metaschema Core API,gov.nist.secauto.metaschema.core.metapath.antlr,metapath10Parser.ContextitemexprContext,11,13,1,1,3,3,3,2,2,2
Metaschema Core API,gov.nist.secauto.metaschema.core.metapath.antlr,metapath10Parser.NametestContext,18,13,1,1,4,3,4,2,3,2
Metaschema Core API,gov.nist.secauto.metaschema.core.metapath.antlr,metapath10Parser.ReversestepContext,12,25,1,1,3,5,3,4,2,4
Metaschema Core API,gov.nist.secauto.metaschema.core.metapath.antlr,metapath10Parser.WildcardContext,11,13,1,1,3,3,3,2,2,2
Metaschema Core API,gov.nist.secauto.metaschema.core.metapath.antlr,metapath10Parser.PredicateContext,35,0,2,0,8,0,7,0,6,0
Metaschema Core API,gov.nist.secauto.metaschema.core.metapath.antlr,metapath10Parser.ForwardstepContext,12,25,1,1,3,5,3,4,2,4
Metaschema Core API,gov.nist.secauto.metaschema.core.metapath.antlr,metapath10Parser.StepexprContext,18,13,1,1,4,3,4,2,3,2
Metaschema Core API,gov.nist.secauto.metaschema.core.metapath.antlr,metapath10Parser.ForwardaxisContext,39,5,2,0,8,2,8,1,7,1
Metaschema Core API,gov.nist.secauto.metaschema.core.metapath.antlr,metapath10Parser.UnionexprContext,34,13,1,1,8,3,8,2,7,2
Metaschema Core API,gov.nist.secauto.metaschema.core.metapath.antlr,metapath10Parser.ArrowexprContext,41,13,1,1,9,3,9,2,8,2
Metaschema Core API,gov.nist.secauto.metaschema.core.metapath.antlr,metapath10Parser.FunctioncallContext,6,25,1,1,2,5,2,4,1,4
Metaschema Core API,gov.nist.secauto.metaschema.core.metapath.antlr,metapath10Parser.ReverseaxisContext,34,5,2,0,7,2,7,1,6,1
Metaschema Core API,gov.nist.secauto.metaschema.core.metapath.antlr,metapath10Parser.UnaryexprContext,30,13,1,1,7,3,7,2,6,2
Metaschema Core API,gov.nist.secauto.metaschema.core.metapath.antlr,metapath10Parser.PredicatelistContext,24,5,2,0,5,2,5,1,4,1
Metaschema Core API,gov.nist.secauto.metaschema.core.metapath.antlr,metapath10Parser.VarrefContext,30,0,2,0,7,0,6,0,5,0
Metaschema Core API,gov.nist.secauto.metaschema.core.metapath.antlr,metapath10Parser.AndexprContext,25,13,1,1,6,3,6,2,5,2
Metaschema Core API,gov.nist.secauto.metaschema.core.metapath.antlr,metapath10Parser.LiteralContext,17,13,1,1,4,3,4,2,3,2
Metaschema Core API,gov.nist.secauto.metaschema.core.metapath.antlr,metapath10Parser.LetexprContext,36,0,2,0,8,0,7,0,6,0
Metaschema Core API,gov.nist.secauto.metaschema.core.metapath.antlr,metapath10Parser.MultiplicativeexprContext,52,13,1,1,12,3,12,2,11,2
Metaschema Core API,gov.nist.secauto.metaschema.core.metapath.antlr,metapath10Parser.AbbrevforwardstepContext,17,13,1,1,4,3,4,2,3,2
Metaschema Core API,gov.nist.secauto.metaschema.core.metapath.antlr,metapath10Parser.PostfixexprContext,22,13,1,1,5,3,5,2,4,2
Metaschema Core API,gov.nist.secauto.metaschema.core.metapath.antlr,metapath10Parser.VarnameContext,25,0,2,0,6,0,5,0,4,0
Metaschema Core API,gov.nist.secauto.metaschema.core.metapath.antlr,metapath10Parser.ExprContext,25,13,1,1,6,3,6,2,5,2
Metaschema Core API,gov.nist.secauto.metaschema.core.metapath.antlr,metapath10Parser.IntersectexceptexprContext,34,13,1,1,8,3,8,2,7,2
Metaschema Core API,gov.nist.secauto.metaschema.core.metapath.antlr,metapath10Parser.StringconcatexprContext,25,13,1,1,6,3,6,2,5,2
Metaschema Core API,gov.nist.secauto.metaschema.core.metapath.antlr,metapath10Parser.ArrowfunctionspecifierContext,37,0,2,0,8,0,7,0,6,0
Metaschema Core API,gov.nist.secauto.metaschema.core.metapath.antlr,metapath10Parser.PrimaryexprContext,36,13,1,1,7,3,7,2,6,2
Metaschema Core API,gov.nist.secauto.metaschema.core.metapath.antlr,metapath10Parser.ParenthesizedexprContext,35,0,2,0,8,0,7,0,6,0
Metaschema Core API,gov.nist.secauto.metaschema.core.metapath.antlr,metapath10Parser.ValueexprContext,12,13,1,1,3,3,3,2,2,2
Metaschema Core API,gov.nist.secauto.metaschema.core.metapath.antlr,metapath10Parser.AxisstepContext,24,13,1,1,5,3,5,2,4,2
Metaschema Core API,gov.nist.secauto.metaschema.core.metapath.antlr,metapath10Parser.RelativepathexprContext,34,13,1,1,8,3,8,2,7,2
Metaschema Core API,gov.nist.secauto.metaschema.core.metapath.antlr,metapath10Parser.ExprsingleContext,18,13,1,1,4,3,4,2,3,2
Metaschema Core API,gov.nist.secauto.metaschema.core.metapath.antlr,metapath10Parser.OrexprContext,25,13,1,1,6,3,6,2,5,2
Metaschema Core API,gov.nist.secauto.metaschema.core.model,XmlGroupAsBehavior,24,0,0,0,3,0,1,0,1,0
Metaschema Core API,gov.nist.secauto.metaschema.core.model,AbstractInstance,13,0,0,0,5,0,3,0,3,0
Metaschema Core API,gov.nist.secauto.metaschema.core.model,MetaschemaVersion,17,0,0,0,8,0,8,0,8,0
Metaschema Core API,gov.nist.secauto.metaschema.core.model,AbstractFlagInstance,8,0,0,0,3,0,2,0,2,0
Metaschema Core API,gov.nist.secauto.metaschema.core.model,IFlagContainer,11,0,2,0,2,0,3,0,2,0
Metaschema Core API,gov.nist.secauto.metaschema.core.model,JsonGroupAsBehavior,44,0,0,0,5,0,1,0,1,0
Metaschema Core API,gov.nist.secauto.metaschema.core.model,IChoiceInstance,6,0,0,0,2,0,2,0,2,0
Metaschema Core API,gov.nist.secauto.metaschema.core.model,AbstractModelInstance,9,0,0,0,3,0,2,0,2,0
Metaschema Core API,gov.nist.secauto.metaschema.core.model,IFeatureModelContainer,44,0,0,0,8,0,8,0,8,0
Metaschema Core API,gov.nist.secauto.metaschema.core.model,AbstractChoiceInstance,16,0,0,0,8,0,7,0,7,0
Metaschema Core API,gov.nist.secauto.metaschema.core.model,IFieldDefinition,19,0,4,0,6,0,5,0,3,0
Metaschema Core API,gov.nist.secauto.metaschema.core.model,ModelWalker,216,0,32,0,60,0,39,0,23,0
Metaschema Core API,gov.nist.secauto.metaschema.core.model,IFlagContainerSupport,2,0,0,0,1,0,1,0,1,0
Metaschema Core API,gov.nist.secauto.metaschema.core.model,IFeatureFlagContainer,18,0,0,0,3,0,3,0,3,0
Metaschema Core API,gov.nist.secauto.metaschema.core.model,EmptyFlagContainer,12,0,0,0,4,0,4,0,4,0
Metaschema Core API,gov.nist.secauto.metaschema.core.model,IModelInstance,28,0,4,0,7,0,3,0,1,0
Metaschema Core API,gov.nist.secauto.metaschema.core.model,MetaschemaModelConstants,5,0,0,0,2,0,1,0,1,0
Metaschema Core API,gov.nist.secauto.metaschema.core.model,UsedDefinitionModelWalker,95,0,12,0,22,0,12,0,6,0
Metaschema Core API,gov.nist.secauto.metaschema.core.model,DefinitionCollectingModelWalker,112,0,16,0,30,0,16,0,8,0
Metaschema Core API,gov.nist.secauto.metaschema.core.model,IAssemblyDefinition,34,0,6,0,8,0,7,0,4,0
Metaschema Core API,gov.nist.secauto.metaschema.core.model,IInstance,22,0,0,0,3,0,2,0,2,0
Metaschema Core API,gov.nist.secauto.metaschema.core.model,IFlag,0,2,0,0,0,1,0,1,0,1
Metaschema Core API,gov.nist.secauto.metaschema.core.model,IModule,40,75,6,10,11,16,8,11,3,8
Metaschema Core API,gov.nist.secauto.metaschema.core.model,AbstractAssemblyInstance,9,0,0,0,3,0,2,0,2,0
Metaschema Core API,gov.nist.secauto.metaschema.core.model,INamedInstance,90,0,8,0,18,0,10,0,6,0
Metaschema Core API,gov.nist.secauto.metaschema.core.model,IFlagInstance,31,0,4,0,7,0,6,0,4,0
Metaschema Core API,gov.nist.secauto.metaschema.core.model,AbstractModule,18,220,4,12,5,65,6,18,2,14
Metaschema Core API,gov.nist.secauto.metaschema.core.model,INamedModelElement,42,10,6,2,10,2,9,2,6,1
Metaschema Core API,gov.nist.secauto.metaschema.core.model,ModelType,0,44,0,0,0,5,0,1,0,1
Metaschema Core API,gov.nist.secauto.metaschema.core.model,IFieldInstance,26,0,6,0,3,0,6,0,3,0
Metaschema Core API,gov.nist.secauto.metaschema.core.model,IResourceLoader,2,0,0,0,1,0,1,0,1,0
Metaschema Core API,gov.nist.secauto.metaschema.core.model,IFeatureInlinedDefinition,2,0,0,0,1,0,1,0,1,0
Metaschema Core API,gov.nist.secauto.metaschema.core.model,JsonValueKeyTypeEnum,34,0,0,0,4,0,1,0,1,0
Metaschema Core API,gov.nist.secauto.metaschema.core.model,ModuleScopeEnum,0,24,0,0,0,3,0,1,0,1
Metaschema Core API,gov.nist.secauto.metaschema.core.model,INamedModelInstance,44,0,4,0,10,0,3,0,1,0
Metaschema Core API,gov.nist.secauto.metaschema.core.model,IAssembly,0,2,0,0,0,1,0,1,0,1
Metaschema Core API,gov.nist.secauto.metaschema.core.model,AbstractFieldInstance,4,0,0,0,2,0,1,0,1,0
Metaschema Core API,gov.nist.secauto.metaschema.core.model,IDefinition,27,3,0,0,4,1,1,1,1,1
Metaschema Core API,gov.nist.secauto.metaschema.core.model,MetaschemaException,20,0,0,0,8,0,4,0,4,0
Metaschema Core API,gov.nist.secauto.metaschema.core.model,IField,0,2,0,0,0,1,0,1,0,1
Metaschema Core API,gov.nist.secauto.metaschema.core.datatype.markup,AbstractMarkupString,82,147,6,6,18,42,11,11,6,10
Metaschema Core API,gov.nist.secauto.metaschema.core.datatype.markup,MarkupLineAdapter,35,12,0,0,11,5,6,3,6,3
Metaschema Core API,gov.nist.secauto.metaschema.core.datatype.markup,AbstractMarkupAdapter,44,4,0,0,16,2,5,1,5,1
Metaschema Core API,gov.nist.secauto.metaschema.core.datatype.markup,MarkupDataTypeProvider,0,18,0,0,0,6,0,2,0,2
Metaschema Core API,gov.nist.secauto.metaschema.core.datatype.markup,MarkupLine,11,87,2,2,2,20,3,7,1,7
Metaschema Core API,gov.nist.secauto.metaschema.core.datatype.markup,AbstractMarkupString.new NodeVisitor() {...},0,42,1,9,0,8,1,7,0,3
Metaschema Core API,gov.nist.secauto.metaschema.core.datatype.markup,MarkupMultiline,6,29,0,0,1,11,1,6,1,6
Metaschema Core API,gov.nist.secauto.metaschema.core.datatype.markup,MarkupMultilineAdapter,36,15,0,0,12,6,7,4,7,4
Metaschema Core API,gov.nist.secauto.metaschema.core.datatype.markup,IMarkupString,6,0,0,0,1,0,2,0,2,0
Metaschema Core API,gov.nist.secauto.metaschema.core.datatype.adapter,DecimalAdapter,42,55,6,2,13,16,7,7,3,7
Metaschema Core API,gov.nist.secauto.metaschema.core.datatype.adapter,DateAdapter,95,77,9,3,25,16,10,5,5,4
Metaschema Core API,gov.nist.secauto.metaschema.core.datatype.adapter,DateFormats,0,47,0,0,0,21,0,1,0,1
Metaschema Core API,gov.nist.secauto.metaschema.core.datatype.adapter,UriAdapter,18,12,0,0,6,5,5,3,5,3
Metaschema Core API,gov.nist.secauto.metaschema.core.datatype.adapter,NonNegativeIntegerAdapter,10,12,0,0,3,5,2,3,2,3
Metaschema Core API,gov.nist.secauto.metaschema.core.datatype.adapter,Base64Adapter,28,40,2,0,7,13,3,7,2,7
Metaschema Core API,gov.nist.secauto.metaschema.core.datatype.adapter,DateWithTZAdapter,64,15,2,0,13,6,7,3,6,3
Metaschema Core API,gov.nist.secauto.metaschema.core.datatype.adapter,AbstractIntegerAdapter,22,4,0,0,8,2,4,1,4,1
Metaschema Core API,gov.nist.secauto.metaschema.core.datatype.adapter,DateTimeWithTZAdapter,29,18,0,0,8,6,5,4,5,4
Metaschema Core API,gov.nist.secauto.metaschema.core.datatype.adapter,EmailAddressAdapter,9,12,0,0,3,5,2,3,2,3
Metaschema Core API,gov.nist.secauto.metaschema.core.datatype.adapter,IntegerAdapter,48,11,8,0,13,5,7,3,3,3
Metaschema Core API,gov.nist.secauto.metaschema.core.datatype.adapter,DayTimeAdapter,26,12,0,0,8,5,5,3,5,3
Metaschema Core API,gov.nist.secauto.metaschema.core.datatype.adapter,IPv4AddressAdapter,31,33,0,0,8,9,5,3,5,3
Metaschema Core API,gov.nist.secauto.metaschema.core.datatype.adapter,UriReferenceAdapter,18,12,0,0,6,5,5,3,5,3
Metaschema Core API,gov.nist.secauto.metaschema.core.datatype.adapter,HostnameAdapter,9,11,0,0,3,5,2,3,2,3
Metaschema Core API,gov.nist.secauto.metaschema.core.datatype.adapter,DateTimeAdapter,87,36,8,0,23,9,9,4,5,4
Metaschema Core API,gov.nist.secauto.metaschema.core.datatype.adapter,NcNameAdapter,11,10,0,0,4,4,3,2,3,2
Metaschema Core API,gov.nist.secauto.metaschema.core.datatype.adapter,YearMonthAdapter,26,12,0,0,8,5,5,3,5,3
Metaschema Core API,gov.nist.secauto.metaschema.core.datatype.adapter,IPv6AddressAdapter,15,47,0,0,5,12,4,4,4,4
Metaschema Core API,gov.nist.secauto.metaschema.core.datatype.adapter,BooleanAdapter,23,74,1,3,8,24,4,11,3,10
Metaschema Core API,gov.nist.secauto.metaschema.core.datatype.adapter,StringAdapter,7,13,0,0,2,6,1,4,1,4
Metaschema Core API,gov.nist.secauto.metaschema.core.datatype.adapter,AbstractStringAdapter,5,6,0,0,2,3,2,2,2,2
Metaschema Core API,gov.nist.secauto.metaschema.core.datatype.adapter,TokenAdapter,9,11,0,0,3,5,2,3,2,3
Metaschema Core API,gov.nist.secauto.metaschema.core.datatype.adapter,UuidAdapter,18,15,0,0,6,7,5,3,5,3
Metaschema Core API,gov.nist.secauto.metaschema.core.datatype.adapter,PositiveIntegerAdapter,10,12,0,0,3,5,2,3,2,3
Metaschema Core API,gov.nist.secauto.metaschema.core.datatype.adapter,MetaschemaDataTypeProvider,0,157,0,0,0,46,0,2,0,2
Metaschema Core API,gov.nist.secauto.metaschema.core.datatype.markup.flexmark,SuppressPTagExtension.PTagNodeRenderer.Factory,0,7,0,0,0,2,0,2,0,2
Metaschema Core API,gov.nist.secauto.metaschema.core.datatype.markup.flexmark,InsertAnchorExtension.InsertAnchorFormatter,1,52,2,2,1,13,2,4,0,4
Metaschema Core API,gov.nist.secauto.metaschema.core.datatype.markup.flexmark,SuppressPTagExtension,0,15,0,0,0,5,0,4,0,4
Metaschema Core API,gov.nist.secauto.metaschema.core.datatype.markup.flexmark,HtmlQuoteTagExtension.DoubleQuoteNode,0,32,0,2,0,7,0,2,0,1
Metaschema Core API,gov.nist.secauto.metaschema.core.datatype.markup.flexmark,HtmlCodeRenderExtension.CodeNodeHtmlRenderer.Factory,0,8,0,0,0,2,0,2,0,2
Metaschema Core API,gov.nist.secauto.metaschema.core.datatype.markup.flexmark,InsertAnchorExtension.InsertAnchorNodeRenderer,0,37,1,1,0,7,1,3,0,3
Metaschema Core API,gov.nist.secauto.metaschema.core.datatype.markup.flexmark,AbstractMarkupWriter,167,1059,32,90,42,282,31,73,5,38
Metaschema Core API,gov.nist.secauto.metaschema.core.datatype.markup.flexmark,InsertAnchorExtension.InsertAnchorHtmlNodeRenderer.Factory,0,8,0,0,0,2,0,2,0,2
Metaschema Core API,gov.nist.secauto.metaschema.core.datatype.markup.flexmark,InsertAnchorExtension.InsertAnchorNode,26,26,0,0,6,9,3,4,3,4
Metaschema Core API,gov.nist.secauto.metaschema.core.datatype.markup.flexmark,HtmlCodeRenderExtension,0,19,0,0,0,6,0,5,0,5
Metaschema Core API,gov.nist.secauto.metaschema.core.datatype.markup.flexmark,IMarkupWriter,0,42,0,0,0,13,0,5,0,5
Metaschema Core API,gov.nist.secauto.metaschema.core.datatype.markup.flexmark,HtmlQuoteTagExtension,0,30,0,0,0,10,0,7,0,7
Metaschema Core API,gov.nist.secauto.metaschema.core.datatype.markup.flexmark,InsertVisitor,42,0,4,0,14,0,6,0,4,0
Metaschema Core API,gov.nist.secauto.metaschema.core.datatype.markup.flexmark,HtmlCodeRenderExtension.CodeNodeHtmlRenderer,54,87,12,12,8,17,9,6,0,3
Metaschema Core API,gov.nist.secauto.metaschema.core.datatype.markup.flexmark,HtmlQuoteTagExtension.QTagNodeRenderer,0,24,0,0,0,6,0,3,0,3
Metaschema Core API,gov.nist.secauto.metaschema.core.datatype.markup.flexmark,AbstractMarkupWriter.MarkupNodeVisitor,122,0,18,0,31,0,12,0,3,0
Metaschema Core API,gov.nist.secauto.metaschema.core.datatype.markup.flexmark,HtmlQuoteTagExtension.QuoteReplacingPostProcessor,0,31,2,2,0,10,2,2,0,2
Metaschema Core API,gov.nist.secauto.metaschema.core.datatype.markup.flexmark,InsertAnchorExtension.InsertAnchorNodeRenderer.Factory,0,8,0,0,0,2,0,2,0,2
Metaschema Core API,gov.nist.secauto.metaschema.core.datatype.markup.flexmark,InsertAnchorExtension.InsertAnchorHtmlNodeRenderer,1,52,1,1,1,13,1,3,0,3
Metaschema Core API,gov.nist.secauto.metaschema.core.datatype.markup.flexmark,AstCollectingVisitor,31,77,3,3,10,20,5,8,3,7
Metaschema Core API,gov.nist.secauto.metaschema.core.datatype.markup.flexmark,InsertAnchorExtension.InsertAnchorFormatter.Factory,0,8,0,0,0,2,0,2,0,2
Metaschema Core API,gov.nist.secauto.metaschema.core.datatype.markup.flexmark,InsertAnchorExtension.InsertAnchorInlineParser,8,57,3,5,0,16,3,6,0,5
Metaschema Core API,gov.nist.secauto.metaschema.core.datatype.markup.flexmark,HtmlQuoteTagExtension.QTagHtmlNodeRenderer,0,23,0,2,0,4,0,4,0,3
Metaschema Core API,gov.nist.secauto.metaschema.core.datatype.markup.flexmark,HtmlQuoteTagExtension.QTagHtmlNodeRenderer.Factory,0,7,0,0,0,2,0,2,0,2
Metaschema Core API,gov.nist.secauto.metaschema.core.datatype.markup.flexmark,MarkupXmlStreamWriter,6,87,0,4,2,20,1,8,1,6
Metaschema Core API,gov.nist.secauto.metaschema.core.datatype.markup.flexmark,HtmlQuoteTagExtension.QTagNodeRenderer.Factory,0,7,0,0,0,2,0,2,0,2
Metaschema Core API,gov.nist.secauto.metaschema.core.datatype.markup.flexmark,InsertAnchorExtension,0,58,1,1,0,16,1,9,0,9
Metaschema Core API,gov.nist.secauto.metaschema.core.datatype.markup.flexmark,InsertAnchorExtension.InsertAnchorInlineParser.Factory,6,10,0,0,3,3,3,3,3,3
Metaschema Core API,gov.nist.secauto.metaschema.core.datatype.markup.flexmark,HtmlQuoteTagExtension.QuoteReplacingPostProcessor.Factory,0,17,0,0,0,4,0,2,0,2
Metaschema Core API,gov.nist.secauto.metaschema.core.datatype.markup.flexmark,FixedEmphasisDelimiterProcessor,2,97,2,18,0,16,2,11,0,3
Metaschema Core API,gov.nist.secauto.metaschema.core.datatype.markup.flexmark,XmlMarkupParser,53,272,16,22,8,61,15,12,1,7
Metaschema Core API,gov.nist.secauto.metaschema.core.datatype.markup.flexmark,InsertAnchorExtension.InsertAnchorOptions,0,17,0,0,0,4,0,1,0,1
Metaschema Core API,gov.nist.secauto.metaschema.core.datatype.markup.flexmark,MarkupVisitor,77,326,12,66,12,82,12,35,0,8
Metaschema Core API,gov.nist.secauto.metaschema.core.datatype.markup.flexmark,SuppressPTagExtension.PTagNodeRenderer,0,15,0,0,0,4,0,3,0,3
Metaschema Core API,gov.nist.secauto.metaschema.core.datatype.markup.flexmark,FlexmarkFactory,3,65,0,0,1,19,1,9,1,9
Metaschema Core API,gov.nist.secauto.metaschema.core.datatype.markup.flexmark,MarkupXmlEventWriter,144,0,6,0,30,0,13,0,10,0
Metaschema Core API,gov.nist.secauto.metaschema.core.datatype.markup.flexmark,AbstractMarkupWriter.NodeVisitorException,4,0,0,0,2,0,1,0,1,0
Metaschema Core API,gov.nist.secauto.metaschema.core.datatype.markup.flexmark,FlexmarkConfiguration,2,218,1,1,0,48,1,3,0,3
Metaschema Core API,gov.nist.secauto.metaschema.core.model.xml,XmlModule,64,232,5,19,13,57,12,22,8,14
Metaschema Core API,gov.nist.secauto.metaschema.core.model.xml,AssemblyTargetedConstraints,30,43,0,0,6,12,6,6,6,6
Metaschema Core API,gov.nist.secauto.metaschema.core.model.xml,XmlModelParser,318,0,36,0,81,0,31,0,13,0
Metaschema Core API,gov.nist.secauto.metaschema.core.model.xml,XmlInlineAssemblyDefinition.InternalAssemblyDefinition,118,0,2,0,27,0,20,0,19,0
Metaschema Core API,gov.nist.secauto.metaschema.core.model.xml,XmlInlineFieldDefinition,125,0,12,0,27,0,24,0,18,0
Metaschema Core API,gov.nist.secauto.metaschema.core.model.xml,XmlGlobalFlagDefinition,67,80,11,5,10,23,15,9,8,8
Metaschema Core API,gov.nist.secauto.metaschema.core.model.xml,XmlInlineFlagDefinition,111,0,10,0,24,0,18,0,13,0
Metaschema Core API,gov.nist.secauto.metaschema.core.model.xml,FlagTargetedConstraints,9,0,0,0,4,0,2,0,2,0
Metaschema Core API,gov.nist.secauto.metaschema.core.model.xml,XmlInlineFlagDefinition.InternalFlagDefinition,79,0,4,0,19,0,16,0,14,0
Metaschema Core API,gov.nist.secauto.metaschema.core.model.xml,MarkupStringConverter,24,36,0,0,7,10,2,2,2,2
Metaschema Core API,gov.nist.secauto.metaschema.core.model.xml,ModuleLoader.new EntityResolver() {...},0,30,1,1,0,6,1,2,0,2
Metaschema Core API,gov.nist.secauto.metaschema.core.model.xml,ModuleLoader.new EntityResolver() {...},2,6,0,0,1,1,1,1,1,1
Metaschema Core API,gov.nist.secauto.metaschema.core.model.xml,IndentingXmlStreamWriter2,189,0,6,0,54,0,19,0,16,0
Metaschema Core API,gov.nist.secauto.metaschema.core.model.xml,ConstraintLoader,100,141,8,6,21,32,5,6,0,4
Metaschema Core API,gov.nist.secauto.metaschema.core.model.xml,AssemblyConstraintSupport,162,118,10,10,44,35,14,8,5,7
Metaschema Core API,gov.nist.secauto.metaschema.core.model.xml,XmlbeansMarkupVisitor,42,69,0,0,12,20,4,6,4,6
Metaschema Core API,gov.nist.secauto.metaschema.core.model.xml,XmlInlineAssemblyDefinition,98,0,8,0,21,0,20,0,16,0
Metaschema Core API,gov.nist.secauto.metaschema.core.model.xml,XmlFieldInstance,126,0,14,0,25,0,24,0,17,0
Metaschema Core API,gov.nist.secauto.metaschema.core.model.xml,XmlModelContainerSupport,64,0,2,0,18,0,9,0,8,0
Metaschema Core API,gov.nist.secauto.metaschema.core.model.xml,XmlFlagContainerSupport,202,0,32,0,40,0,23,0,7,0
Metaschema Core API,gov.nist.secauto.metaschema.core.model.xml,ValueConstraintSupport,158,190,14,6,35,50,12,13,3,12
Metaschema Core API,gov.nist.secauto.metaschema.core.model.xml,XmlAssemblyInstance,117,0,12,0,25,0,23,0,17,0
Metaschema Core API,gov.nist.secauto.metaschema.core.model.xml,AssemblyConstraintSupport.XmlbeanGeneratingVisitor,523,0,86,0,140,0,54,0,11,0
Metaschema Core API,gov.nist.secauto.metaschema.core.model.xml,XmlFlagInstance,84,0,10,0,14,0,16,0,11,0
Metaschema Core API,gov.nist.secauto.metaschema.core.model.xml,ModelFactory,329,138,33,11,66,33,34,11,14,9
Metaschema Core API,gov.nist.secauto.metaschema.core.model.xml,AbstractLoader,72,73,3,5,12,16,8,6,5,5
Metaschema Core API,gov.nist.secauto.metaschema.core.model.xml,FieldTargetedConstraints,9,0,0,0,4,0,2,0,2,0
Metaschema Core API,gov.nist.secauto.metaschema.core.model.xml,XmlChoiceInstance,35,0,0,0,8,0,6,0,6,0
Metaschema Core API,gov.nist.secauto.metaschema.core.model.xml,XmlGlobalAssemblyDefinition,69,91,7,5,9,16,14,12,10,10
Metaschema Core API,gov.nist.secauto.metaschema.core.model.xml,ModuleLoader,24,166,0,6,8,43,0,10,0,7
Metaschema Core API,gov.nist.secauto.metaschema.core.model.xml,XmlInlineFieldDefinition.InternalFieldDefinition,188,0,20,0,41,0,31,0,21,0
Metaschema Core API,gov.nist.secauto.metaschema.core.model.xml,XmlGlobalFieldDefinition,168,53,26,4,32,13,31,6,17,5
Metaschema Core API,gov.nist.secauto.metaschema.core.metapath,RootSlashOnlyPath,9,27,0,0,3,6,3,4,3,4
Metaschema Core API,gov.nist.secauto.metaschema.core.metapath,StreamSequenceImpl,57,64,10,6,11,19,13,6,6,5
Metaschema Core API,gov.nist.secauto.metaschema.core.metapath,AbstractComparison,660,186,142,25,126,47,94,18,5,6
Metaschema Core API,gov.nist.secauto.metaschema.core.metapath,StringConcat,54,0,2,0,14,0,7,0,6,0
Metaschema Core API,gov.nist.secauto.metaschema.core.metapath,ILiteralExpression,2,3,0,0,1,1,1,1,1,1
Metaschema Core API,gov.nist.secauto.metaschema.core.metapath,AbstractNAryExpression,0,11,0,0,0,4,0,2,0,2
Metaschema Core API,gov.nist.secauto.metaschema.core.metapath,Division,119,0,20,0,31,0,14,0,4,0
Metaschema Core API,gov.nist.secauto.metaschema.core.metapath,Modulo,49,0,4,0,12,0,7,0,5,0
Metaschema Core API,gov.nist.secauto.metaschema.core.metapath,Multiplication,102,0,16,0,27,0,12,0,4,0
Metaschema Core API,gov.nist.secauto.metaschema.core.metapath,Name,23,40,1,3,3,11,4,8,3,7
Metaschema Core API,gov.nist.secauto.metaschema.core.metapath,MetapathExpression.ResultType,0,54,0,0,0,6,0,1,0,1
Metaschema Core API,gov.nist.secauto.metaschema.core.metapath,IDocumentLoader,31,0,0,0,4,0,3,0,3,0
Metaschema Core API,gov.nist.secauto.metaschema.core.metapath,IComparison.Operator,0,64,0,0,0,7,0,1,0,1
Metaschema Core API,gov.nist.secauto.metaschema.core.metapath,AbstractNamedInstanceExpression,4,9,0,0,1,4,1,2,1,2
Metaschema Core API,gov.nist.secauto.metaschema.core.metapath,SingletonSequenceImpl,18,34,3,3,6,9,8,6,5,6
Metaschema Core API,gov.nist.secauto.metaschema.core.metapath,StaticContext.Builder,8,46,0,0,2,11,1,3,1,3
Metaschema Core API,gov.nist.secauto.metaschema.core.metapath,ExpressionUtils,24,158,10,22,5,46,10,12,0,6
Metaschema Core API,gov.nist.secauto.metaschema.core.metapath,Step,33,33,0,0,4,9,4,4,4,4
Metaschema Core API,gov.nist.secauto.metaschema.core.metapath,AbstractArithmeticExpression,3,12,0,0,1,3,1,1,1,1
Metaschema Core API,gov.nist.secauto.metaschema.core.metapath,Or,5,38,0,4,1,12,1,5,1,3
Metaschema Core API,gov.nist.secauto.metaschema.core.metapath,Metapath,38,0,0,0,10,0,5,0,5,0
Metaschema Core API,gov.nist.secauto.metaschema.core.metapath,Predicate,61,75,5,3,13,19,8,7,5,6
Metaschema Core API,gov.nist.secauto.metaschema.core.metapath,RelativeSlashPath,5,17,0,0,1,4,1,2,1,2
Metaschema Core API,gov.nist.secauto.metaschema.core.metapath,ValueComparison,8,49,2,2,2,10,3,4,1,4
Metaschema Core API,gov.nist.secauto.metaschema.core.metapath,RootDoubleSlashPath,17,0,0,0,4,0,3,0,3,0
Metaschema Core API,gov.nist.secauto.metaschema.core.metapath,GeneralComparison,152,7,24,0,35,3,16,2,4,2
Metaschema Core API,gov.nist.secauto.metaschema.core.metapath,BuildAstVisitor.ITriFunction,15,0,0,0,2,0,2,0,2,0
Metaschema Core API,gov.nist.secauto.metaschema.core.metapath,AbstractExpression,6,12,1,1,1,3,2,2,1,2
Metaschema Core API,gov.nist.secauto.metaschema.core.metapath,AbstractRelativePathExpression,6,28,0,0,1,9,1,5,1,5
Metaschema Core API,gov.nist.secauto.metaschema.core.metapath,AbstractRootPathExpression,9,15,0,0,3,5,3,2,3,2
Metaschema Core API,gov.nist.secauto.metaschema.core.metapath,FailingErrorListener,0,11,0,0,0,2,0,2,0,2
Metaschema Core API,gov.nist.secauto.metaschema.core.metapath,Union,41,0,0,0,12,0,5,0,5,0
Metaschema Core API,gov.nist.secauto.metaschema.core.metapath,AbstractAstVisitor,161,286,16,10,22,43,36,48,25,46
Metaschema Core API,gov.nist.secauto.metaschema.core.metapath,Negate,37,0,2,0,11,0,6,0,5,0
Metaschema Core API,gov.nist.secauto.metaschema.core.metapath,RelativeDoubleSlashPath,26,0,0,0,6,0,3,0,3,0
Metaschema Core API,gov.nist.secauto.metaschema.core.metapath,IBooleanLogicExpression,5,0,0,0,2,0,2,0,2,0
Metaschema Core API,gov.nist.secauto.metaschema.core.metapath,AbstractFilterExpression,35,0,0,0,8,0,3,0,3,0
Metaschema Core API,gov.nist.secauto.metaschema.core.metapath,ISequence.new Collector() {...},15,38,2,2,4,10,3,8,1,8
Metaschema Core API,gov.nist.secauto.metaschema.core.metapath,BuildAstVisitor,758,633,97,51,145,166,91,43,19,29
Metaschema Core API,gov.nist.secauto.metaschema.core.metapath,Except,25,0,2,0,5,0,5,0,4,0
Metaschema Core API,gov.nist.secauto.metaschema.core.metapath,ModelInstance,12,45,2,2,2,15,3,7,1,7
Metaschema Core API,gov.nist.secauto.metaschema.core.metapath,TypeMetapathException,18,0,0,0,7,0,4,0,4,0
Metaschema Core API,gov.nist.secauto.metaschema.core.metapath,Addition,127,37,25,5,29,13,16,3,1,3
Metaschema Core API,gov.nist.secauto.metaschema.core.metapath,And,5,33,0,4,1,10,1,4,1,2
Metaschema Core API,gov.nist.secauto.metaschema.core.metapath,MetapathEvaluationFeature,0,13,0,0,0,4,0,2,0,2
Metaschema Core API,gov.nist.secauto.metaschema.core.metapath,AbstractExpressionVisitor,217,0,6,0,48,0,43,0,40,0
Metaschema Core API,gov.nist.secauto.metaschema.core.metapath,DynamicMetapathException,18,0,0,0,7,0,4,0,4,0
Metaschema Core API,gov.nist.secauto.metaschema.core.metapath,AbstractUnaryExpression,16,0,0,0,5,0,3,0,3,0
Metaschema Core API,gov.nist.secauto.metaschema.core.metapath,AbstractCodedMetapathException,48,8,0,0,9,3,5,1,5,1
Metaschema Core API,gov.nist.secauto.metaschema.core.metapath,AbstractLiteralExpression,17,9,0,0,1,4,1,2,1,2
Metaschema Core API,gov.nist.secauto.metaschema.core.metapath,Let,59,0,0,0,17,0,7,0,7,0
Metaschema Core API,gov.nist.secauto.metaschema.core.metapath,DynamicContext.CachingLoader,103,0,6,0,24,0,11,0,8,0
Metaschema Core API,gov.nist.secauto.metaschema.core.metapath,EmptyListImpl,20,9,5,1,7,3,10,2,7,2
Metaschema Core API,gov.nist.secauto.metaschema.core.metapath,IntegerLiteral,5,12,0,0,1,4,1,3,1,3
Metaschema Core API,gov.nist.secauto.metaschema.core.metapath,ContextItem,13,17,1,1,3,6,3,5,2,5
Metaschema Core API,gov.nist.secauto.metaschema.core.metapath,DynamicContext,49,69,1,1,12,19,10,6,9,6
Metaschema Core API,gov.nist.secauto.metaschema.core.metapath,ISequence,19,30,3,3,5,8,4,6,2,5
Metaschema Core API,gov.nist.secauto.metaschema.core.metapath,Intersect,21,0,0,0,6,0,3,0,3,0
Metaschema Core API,gov.nist.secauto.metaschema.core.metapath,VariableReference,41,0,0,0,8,0,6,0,6,0
Metaschema Core API,gov.nist.secauto.metaschema.core.metapath,MetapathExpression,143,141,11,5,29,37,13,10,4,9
Metaschema Core API,gov.nist.secauto.metaschema.core.metapath,IExpression,16,0,0,0,3,0,3,0,3,0
Metaschema Core API,gov.nist.secauto.metaschema.core.metapath,FunctionCall,40,60,3,1,8,13,6,4,4,4
Metaschema Core API,gov.nist.secauto.metaschema.core.metapath,MetapathException,11,5,0,0,6,2,3,1,3,1
Metaschema Core API,gov.nist.secauto.metaschema.core.metapath,AbstractBinaryExpression,6,19,0,0,1,6,1,3,1,3
Metaschema Core API,gov.nist.secauto.metaschema.core.metapath,StringLiteral,50,0,6,0,14,0,9,0,6,0
Metaschema Core API,gov.nist.secauto.metaschema.core.metapath,CSTPrinter,105,0,14,0,25,0,12,0,5,0
Metaschema Core API,gov.nist.secauto.metaschema.core.metapath,RootSlashPath,5,34,0,0,1,7,1,4,1,4
Metaschema Core API,gov.nist.secauto.metaschema.core.metapath,ASTPrinter,424,0,4,0,56,0,44,0,42,0
Metaschema Core API,gov.nist.secauto.metaschema.core.metapath,DynamicContext.CachingLoader.ContextUriResolver,36,0,4,0,7,0,4,0,2,0
Metaschema Core API,gov.nist.secauto.metaschema.core.metapath,Subtraction,147,0,26,0,38,0,17,0,4,0
Metaschema Core API,gov.nist.secauto.metaschema.core.metapath,AbstractPathExpression,63,7,4,0,17,2,6,3,4,3
Metaschema Core API,gov.nist.secauto.metaschema.core.metapath,ASTPrinter.State,54,0,4,0,13,0,6,0,4,0
Metaschema Core API,gov.nist.secauto.metaschema.core.metapath,MetapathConstants,0,21,0,0,0,8,0,1,0,1
Metaschema Core API,gov.nist.secauto.metaschema.core.metapath,IntegerDivision,55,0,4,0,15,0,8,0,6,0
Metaschema Core API,gov.nist.secauto.metaschema.core.metapath,StaticMetapathException,18,0,0,0,7,0,4,0,4,0
Metaschema Core API,gov.nist.secauto.metaschema.core.metapath,Axis,20,141,2,2,4,23,6,9,4,9
Metaschema Core API,gov.nist.secauto.metaschema.core.metapath,Flag,14,47,3,3,2,15,4,7,1,7
Metaschema Core API,gov.nist.secauto.metaschema.core.metapath,AbstractBasicArithmeticExpression,5,41,2,2,2,9,3,3,1,3
Metaschema Core API,gov.nist.secauto.metaschema.core.metapath,DecimalLiteral,17,0,0,0,5,0,4,0,4,0
Metaschema Core API,gov.nist.secauto.metaschema.core.metapath,StaticContext,18,18,0,0,4,6,3,3,3,3
Metaschema Core API,gov.nist.secauto.metaschema.core.metapath,Wildcard,7,17,0,0,2,6,2,5,2,5
Metaschema Core API,gov.nist.secauto.metaschema.core.metapath,ListSequenceImpl,70,0,8,0,16,0,15,0,11,0
Metaschema Core API,gov.nist.secauto.metaschema.core.metapath,InvalidTypeMetapathException,55,0,0,0,13,0,5,0,5,0
Metaschema Core API,gov.nist.secauto.metaschema.core.metapath.item,IItem,7,0,2,0,1,0,2,0,1,0
Metaschema Core API,gov.nist.secauto.metaschema.core.metapath.item,ItemUtils,49,6,5,1,11,2,4,1,1,1
Metaschema Core API,gov.nist.secauto.metaschema.core.util,ObjectUtils,25,14,5,3,5,7,7,4,3,4
Metaschema Core API,gov.nist.secauto.metaschema.core.util,CollectionUtil,107,42,14,0,24,11,18,12,11,12
Metaschema Core API,gov.nist.secauto.metaschema.core.util,ReplacementScanner,0,42,1,3,0,10,1,2,0,1
Metaschema Core API,gov.nist.secauto.metaschema.core.util,CustomCollectors,85,70,4,4,20,17,12,8,9,7
Metaschema Core API,gov.nist.secauto.metaschema.core.util,AutoCloser,24,0,0,0,8,0,4,0,4,0
Metaschema Core API,gov.nist.secauto.metaschema.core.configuration,DefaultConfiguration,70,53,3,1,18,15,6,6,4,6
Metaschema Core API,gov.nist.secauto.metaschema.core.configuration,IMutableConfiguration,12,0,0,0,2,0,2,0,2,0
Metaschema Core API,gov.nist.secauto.metaschema.core.configuration,AbstractConfigurationFeature,3,12,0,0,1,5,1,2,1,2
Metaschema Core API,gov.nist.secauto.metaschema.core.configuration,IConfiguration,3,9,1,1,1,3,1,1,0,1
Metaschema Core API,gov.nist.secauto.metaschema.core.model.constraint.impl,IFeatureValueConstrained,15,25,0,0,6,7,3,6,3,6
Metaschema Core API,gov.nist.secauto.metaschema.core.model.constraint.impl,IFeatureModelConstrained,27,0,0,0,9,0,6,0,6,0
Metaschema Core API,gov.nist.secauto.metaschema.core,MetaschemaJavaVersion,17,0,0,0,8,0,8,0,8,0
